/home/fedgen/anaconda3/envs/metagenomics/opt/quast-5.2.0/quast.py --threads 8 --min-identity 90.0 --combined-ref --colors #E31A1C --ls solid --ambiguity-usage all megahit_results//final.contigs.fa -R /home/fedgen/Desktop/HTS_2024_Metagenomic_data_analysis/metaquast_results/quast_corrected_input/combined_reference.fasta -o /home/fedgen/Desktop/HTS_2024_Metagenomic_data_analysis/metaquast_results/combined_reference --labels final.contigs

Started: 2024-08-02 12:05:07

Logging to /home/fedgen/Desktop/HTS_2024_Metagenomic_data_analysis/metaquast_results/combined_reference/quast.log
NOTICE: Output directory already exists and looks like a QUAST output dir. Existing results can be reused (e.g. previously generated alignments)!

CWD: /home/fedgen/Desktop/HTS_2024_Metagenomic_data_analysis
Main parameters: 
  MODE: meta, threads: 8, min contig length: 500, min alignment length: 65, min alignment IDY: 90.0, \
  ambiguity: all, min local misassembly length: 200, min extensive misassembly length: 1000

Reference:
  /home/fedgen/Desktop/HTS_2024_Metagenomic_data_analysis/metaquast_results/quast_corrected_input/combined_reference.fasta ==> combined_reference

Contigs:
  Pre-processing...
  megahit_results//final.contigs.fa ==> final.contigs

2024-08-02 12:05:08
Running Basic statistics processor...
  Reference genome:
    combined_reference.fasta, length = 31445514, num fragments = 144, GC % = 49.90
WARNING:   Reference genome is fragmented. You may consider rerunning QUAST using --fragmented option. QUAST will try to detect misassemblies caused by the fragmentation and mark them fake (will be excluded from # misassemblies).
  Contig files: 
    final.contigs
  Calculating N50 and L50...
    final.contigs, N50 = 921, L50 = 17280, auN = 1951.2, Total length = 63625827, GC % = 41.64, # N's per 100 kbp =  0.00
  Drawing Nx plot...
    saved to /home/fedgen/Desktop/HTS_2024_Metagenomic_data_analysis/metaquast_results/combined_reference/basic_stats/Nx_plot.pdf
  Drawing cumulative plot...
    saved to /home/fedgen/Desktop/HTS_2024_Metagenomic_data_analysis/metaquast_results/combined_reference/basic_stats/cumulative_plot.pdf
  Drawing GC content plot...
    saved to /home/fedgen/Desktop/HTS_2024_Metagenomic_data_analysis/metaquast_results/combined_reference/basic_stats/GC_content_plot.pdf
  Drawing final.contigs GC content plot...
    saved to /home/fedgen/Desktop/HTS_2024_Metagenomic_data_analysis/metaquast_results/combined_reference/basic_stats/final.contigs_GC_content_plot.pdf
Done.

2024-08-02 12:05:11
Running Contig analyzer...
WARNING: Version of installed minimap2 differs from its version in the QUAST package (2.24). Please make sure that you use an actual version of software.
  final.contigs
  Logging to files /home/fedgen/Desktop/HTS_2024_Metagenomic_data_analysis/metaquast_results/combined_reference/contigs_reports/contigs_report_final-contigs.stdout and contigs_report_final-contigs.stderr...
  Aligning contigs to the reference
WARNING: Version of installed minimap2 differs from its version in the QUAST package (2.24). Please make sure that you use an actual version of software.
  /home/fedgen/anaconda3/envs/metagenomics/bin/minimap2 -c -x asm10 -B5 -O4,16 --no-long-join \
  -r 200 -N 100 -s 65 -z 200 --mask-level 1 --min-occ 200 -g 2500 --score-N 2 --cs \
  -t 8 metaquast_results/quast_corrected_input/combined_reference.fasta metaquast_results/quast_corrected_input/final-contigs.fa__2 \
  > metaquast_results/combined_reference/contigs_reports/minimap_output/final-contigs.coords_tmp \
  2>> metaquast_results/combined_reference/contigs_reports/contigs_report_final-contigs.stderr
  Alignments: metaquast_results/combined_reference/contigs_reports/alignments_final-contigs.tsv
  Analysis is finished.

  Information about interspecies translocations by references for final-contigs is saved to /home/fedgen/Desktop/HTS_2024_Metagenomic_data_analysis/metaquast_results/combined_reference/contigs_reports/interspecies_translocations_by_refs_final-contigs.info
  Drawing Intergenomic misassemblies (found and supposed) metaQUAST summary plot...
    saved to /home/fedgen/Desktop/HTS_2024_Metagenomic_data_analysis/metaquast_results/combined_reference/contigs_reports/intergenomic_misassemblies.pdf
  Creating total report...
    saved to /home/fedgen/Desktop/HTS_2024_Metagenomic_data_analysis/metaquast_results/combined_reference/contigs_reports/misassemblies_report.txt, misassemblies_report.tsv, and misassemblies_report.tex
  Transposed version of total report...
    saved to /home/fedgen/Desktop/HTS_2024_Metagenomic_data_analysis/metaquast_results/combined_reference/contigs_reports/transposed_report_misassemblies.txt, transposed_report_misassemblies.tsv, and transposed_report_misassemblies.tex
  Creating total report...
    saved to /home/fedgen/Desktop/HTS_2024_Metagenomic_data_analysis/metaquast_results/combined_reference/contigs_reports/unaligned_report.txt, unaligned_report.tsv, and unaligned_report.tex
  Drawing misassemblies by types plot...
    saved to /home/fedgen/Desktop/HTS_2024_Metagenomic_data_analysis/metaquast_results/combined_reference/contigs_reports/misassemblies_plot.pdf
  Drawing misassemblies FRCurve plot...
    saved to /home/fedgen/Desktop/HTS_2024_Metagenomic_data_analysis/metaquast_results/combined_reference/contigs_reports/misassemblies_frcurve_plot.pdf
Done.

2024-08-02 12:05:16
Running NA-NGA calculation...
  final.contigs, Largest alignment = 18493, NA50 = None, LA50 = None
  Drawing cumulative plot...
    saved to /home/fedgen/Desktop/HTS_2024_Metagenomic_data_analysis/metaquast_results/combined_reference/aligned_stats/cumulative_plot.pdf
  Drawing NAx plot...
    saved to /home/fedgen/Desktop/HTS_2024_Metagenomic_data_analysis/metaquast_results/combined_reference/aligned_stats/NAx_plot.pdf
Done.

2024-08-02 12:05:17
Running Genome analyzer...
  NOTICE: No file with genomic features were provided. Use the --features option if you want to specify it.

  NOTICE: No file with operons were provided. Use the -O option if you want to specify it.
  final.contigs
  Analysis is finished.
  Skipping drawing Genome fraction, % histogram... (less than 2 columns histogram makes no sense)
Done.

NOTICE: Genes are not predicted by default. Use --gene-finding or --glimmer option to enable it.

2024-08-02 12:05:19
Creating large visual summaries...
This may take a while: press Ctrl-C to skip this step..
  1 of 2: Creating PDF with all tables and plots...
  2 of 2: Creating Icarus viewers...
Done

2024-08-02 12:05:20
RESULTS:
  Text versions of total report are saved to /home/fedgen/Desktop/HTS_2024_Metagenomic_data_analysis/metaquast_results/combined_reference/report.txt, report.tsv, and report.tex
  Text versions of transposed total report are saved to /home/fedgen/Desktop/HTS_2024_Metagenomic_data_analysis/metaquast_results/combined_reference/transposed_report.txt, transposed_report.tsv, and transposed_report.tex
  HTML version (interactive tables and plots) is saved to /home/fedgen/Desktop/HTS_2024_Metagenomic_data_analysis/metaquast_results/combined_reference/report.html
  PDF version (tables and plots) is saved to /home/fedgen/Desktop/HTS_2024_Metagenomic_data_analysis/metaquast_results/combined_reference/report.pdf
  Icarus (contig browser) is saved to /home/fedgen/Desktop/HTS_2024_Metagenomic_data_analysis/metaquast_results/combined_reference/icarus.html
