/home/fedgen/anaconda3/envs/metagenomics/opt/quast-5.2.0/quast.py --threads 8 --min-identity 90.0 --colors #E31A1C --ls solid --no-check-meta --contig-thresholds 1000,5000,10000,25000,50000 --memory-efficient -t 1 /home/fedgen/Desktop/HTS_2024_Metagenomic_data_analysis/metaquast_results/quast_corrected_input/final-contigs_to_Pantoea_rwandensis.fasta -R /home/fedgen/Desktop/HTS_2024_Metagenomic_data_analysis/metaquast_results/quast_corrected_input/Pantoea_rwandensis.fasta__1 -o /home/fedgen/Desktop/HTS_2024_Metagenomic_data_analysis/metaquast_results/runs_per_reference/Pantoea_rwandensis --labels final.contigs

Started: 2024-08-02 12:05:26

Logging to /home/fedgen/Desktop/HTS_2024_Metagenomic_data_analysis/metaquast_results/runs_per_reference/Pantoea_rwandensis/quast.log

CWD: /home/fedgen/Desktop/HTS_2024_Metagenomic_data_analysis
Main parameters: 
  MODE: meta, threads: 1, min contig length: 500, min alignment length: 65, min alignment IDY: 90.0, \
  ambiguity: one, min local misassembly length: 200, min extensive misassembly length: 1000

Reference:
  /home/fedgen/Desktop/HTS_2024_Metagenomic_data_analysis/metaquast_results/quast_corrected_input/Pantoea_rwandensis.fasta__1 ==> Pantoea_rwandensis

Contigs:
  Pre-processing...
  /home/fedgen/Desktop/HTS_2024_Metagenomic_data_analysis/metaquast_results/quast_corrected_input/final-contigs_to_Pantoea_rwandensis.fasta ==> final.contigs

2024-08-02 12:05:26
Running Basic statistics processor...
  Reference genome:
    Pantoea_rwandensis.fasta__1, length = 4327607, num fragments = 1, GC % = 53.93
  Contig files: 
    final.contigs
  Calculating N50 and L50...
    final.contigs, N50 = 848, L50 = 865, auN = 967.1, Total length = 2036305, GC % = 53.60, # N's per 100 kbp =  0.00
  Drawing Nx plot...
    saved to /home/fedgen/Desktop/HTS_2024_Metagenomic_data_analysis/metaquast_results/runs_per_reference/Pantoea_rwandensis/basic_stats/Nx_plot.pdf
  Drawing NGx plot...
    saved to /home/fedgen/Desktop/HTS_2024_Metagenomic_data_analysis/metaquast_results/runs_per_reference/Pantoea_rwandensis/basic_stats/NGx_plot.pdf
  Drawing cumulative plot...
    saved to /home/fedgen/Desktop/HTS_2024_Metagenomic_data_analysis/metaquast_results/runs_per_reference/Pantoea_rwandensis/basic_stats/cumulative_plot.pdf
  Drawing GC content plot...
    saved to /home/fedgen/Desktop/HTS_2024_Metagenomic_data_analysis/metaquast_results/runs_per_reference/Pantoea_rwandensis/basic_stats/GC_content_plot.pdf
  Drawing final.contigs GC content plot...
    saved to /home/fedgen/Desktop/HTS_2024_Metagenomic_data_analysis/metaquast_results/runs_per_reference/Pantoea_rwandensis/basic_stats/final.contigs_GC_content_plot.pdf
Done.

2024-08-02 12:05:27
Running Contig analyzer...
WARNING: Version of installed minimap2 differs from its version in the QUAST package (2.24). Please make sure that you use an actual version of software.
  final.contigs
  Logging to files /home/fedgen/Desktop/HTS_2024_Metagenomic_data_analysis/metaquast_results/runs_per_reference/Pantoea_rwandensis/contigs_reports/contigs_report_final-contigs.stdout and contigs_report_final-contigs.stderr...
  Aligning contigs to the reference
WARNING: Version of installed minimap2 differs from its version in the QUAST package (2.24). Please make sure that you use an actual version of software.
  /home/fedgen/anaconda3/envs/metagenomics/bin/minimap2 -c -x asm10 -B5 -O4,16 --no-long-join \
  -r 200 -N 50 -s 65 -z 200 --mask-level 0.9 --min-occ 200 -g 2500 --score-N 2 --cs \
  -t 1 metaquast_results/quast_corrected_input/Pantoea_rwandensis.fasta__1 metaquast_results/quast_corrected_input/final-contigs_to_Pantoea_rwandensis.fasta \
  > metaquast_results/runs_per_reference/Pantoea_rwandensis/contigs_reports/minimap_output/final-contigs.coords_tmp \
  2>> metaquast_results/runs_per_reference/Pantoea_rwandensis/contigs_reports/contigs_report_final-contigs.stderr
  Analysis is finished.

  Creating total report...
    saved to /home/fedgen/Desktop/HTS_2024_Metagenomic_data_analysis/metaquast_results/runs_per_reference/Pantoea_rwandensis/contigs_reports/misassemblies_report.txt, misassemblies_report.tsv, and misassemblies_report.tex
  Transposed version of total report...
    saved to /home/fedgen/Desktop/HTS_2024_Metagenomic_data_analysis/metaquast_results/runs_per_reference/Pantoea_rwandensis/contigs_reports/transposed_report_misassemblies.txt, transposed_report_misassemblies.tsv, and transposed_report_misassemblies.tex
  Creating total report...
    saved to /home/fedgen/Desktop/HTS_2024_Metagenomic_data_analysis/metaquast_results/runs_per_reference/Pantoea_rwandensis/contigs_reports/unaligned_report.txt, unaligned_report.tsv, and unaligned_report.tex
  Drawing misassemblies by types plot...
    saved to /home/fedgen/Desktop/HTS_2024_Metagenomic_data_analysis/metaquast_results/runs_per_reference/Pantoea_rwandensis/contigs_reports/misassemblies_plot.pdf
  Drawing misassemblies FRCurve plot...
    saved to /home/fedgen/Desktop/HTS_2024_Metagenomic_data_analysis/metaquast_results/runs_per_reference/Pantoea_rwandensis/contigs_reports/misassemblies_frcurve_plot.pdf
Done.

2024-08-02 12:05:29
Running NA-NGA calculation...
  final.contigs, Largest alignment = 3144, NA50 = 731, LA50 = 970
  Drawing cumulative plot...
    saved to /home/fedgen/Desktop/HTS_2024_Metagenomic_data_analysis/metaquast_results/runs_per_reference/Pantoea_rwandensis/aligned_stats/cumulative_plot.pdf
  Drawing NAx plot...
    saved to /home/fedgen/Desktop/HTS_2024_Metagenomic_data_analysis/metaquast_results/runs_per_reference/Pantoea_rwandensis/aligned_stats/NAx_plot.pdf
  Drawing NGAx plot...
    saved to /home/fedgen/Desktop/HTS_2024_Metagenomic_data_analysis/metaquast_results/runs_per_reference/Pantoea_rwandensis/aligned_stats/NGAx_plot.pdf
Done.

2024-08-02 12:05:29
Running Genome analyzer...
  NOTICE: No file with genomic features were provided. Use the --features option if you want to specify it.

  NOTICE: No file with operons were provided. Use the -O option if you want to specify it.
  final.contigs
  Analysis is finished.
  Skipping drawing Genome fraction, % histogram... (less than 2 columns histogram makes no sense)
Done.

NOTICE: Genes are not predicted by default. Use --gene-finding or --glimmer option to enable it.

2024-08-02 12:05:30
Creating large visual summaries...
This may take a while: press Ctrl-C to skip this step..
  1 of 2: Creating PDF with all tables and plots...
  2 of 2: Creating Icarus viewers...
Done

2024-08-02 12:05:30
RESULTS:
  Text versions of total report are saved to /home/fedgen/Desktop/HTS_2024_Metagenomic_data_analysis/metaquast_results/runs_per_reference/Pantoea_rwandensis/report.txt, report.tsv, and report.tex
  Text versions of transposed total report are saved to /home/fedgen/Desktop/HTS_2024_Metagenomic_data_analysis/metaquast_results/runs_per_reference/Pantoea_rwandensis/transposed_report.txt, transposed_report.tsv, and transposed_report.tex
  HTML version (interactive tables and plots) is saved to /home/fedgen/Desktop/HTS_2024_Metagenomic_data_analysis/metaquast_results/runs_per_reference/Pantoea_rwandensis/report.html
  PDF version (tables and plots) is saved to /home/fedgen/Desktop/HTS_2024_Metagenomic_data_analysis/metaquast_results/runs_per_reference/Pantoea_rwandensis/report.pdf
  Icarus (contig browser) is saved to /home/fedgen/Desktop/HTS_2024_Metagenomic_data_analysis/metaquast_results/runs_per_reference/Pantoea_rwandensis/icarus.html
