/home/fedgen/anaconda3/envs/metagenomics/opt/quast-5.2.0/quast.py --threads 8 --min-identity 90.0 --colors #E31A1C --ls solid --no-check-meta --contig-thresholds 1000,5000,10000,25000,50000 -t 8 /home/fedgen/Desktop/HTS_2024_Metagenomic_data_analysis/metaquast_results/quast_corrected_input/final-contigs_not_aligned_anywhere.fasta -o /home/fedgen/Desktop/HTS_2024_Metagenomic_data_analysis/metaquast_results/not_aligned --labels final.contigs

Started: 2024-08-02 12:05:31

Logging to /home/fedgen/Desktop/HTS_2024_Metagenomic_data_analysis/metaquast_results/not_aligned/quast.log

CWD: /home/fedgen/Desktop/HTS_2024_Metagenomic_data_analysis
Main parameters: 
  MODE: meta, threads: 8, min contig length: 500, min alignment length: 65, min alignment IDY: 90.0, \
  ambiguity: one, min local misassembly length: 200, min extensive misassembly length: 1000

Contigs:
  Pre-processing...
  /home/fedgen/Desktop/HTS_2024_Metagenomic_data_analysis/metaquast_results/quast_corrected_input/final-contigs_not_aligned_anywhere.fasta ==> final.contigs

2024-08-02 12:05:31
Running Basic statistics processor...
  Contig files: 
    final.contigs
  Calculating N50 and L50...
    final.contigs, N50 = 912, L50 = 13838, auN = 1945.2, Total length = 52459967, GC % = 40.10, # N's per 100 kbp =  0.00
  Drawing Nx plot...
    saved to /home/fedgen/Desktop/HTS_2024_Metagenomic_data_analysis/metaquast_results/not_aligned/basic_stats/Nx_plot.pdf
  Drawing cumulative plot...
    saved to /home/fedgen/Desktop/HTS_2024_Metagenomic_data_analysis/metaquast_results/not_aligned/basic_stats/cumulative_plot.pdf
  Drawing GC content plot...
    saved to /home/fedgen/Desktop/HTS_2024_Metagenomic_data_analysis/metaquast_results/not_aligned/basic_stats/GC_content_plot.pdf
  Drawing final.contigs GC content plot...
    saved to /home/fedgen/Desktop/HTS_2024_Metagenomic_data_analysis/metaquast_results/not_aligned/basic_stats/final.contigs_GC_content_plot.pdf
Done.

NOTICE: Genes are not predicted by default. Use --gene-finding or --glimmer option to enable it.

2024-08-02 12:05:33
Creating large visual summaries...
This may take a while: press Ctrl-C to skip this step..
  1 of 2: Creating PDF with all tables and plots...
  2 of 2: Creating Icarus viewers...
Done

2024-08-02 12:05:33
RESULTS:
  Text versions of total report are saved to /home/fedgen/Desktop/HTS_2024_Metagenomic_data_analysis/metaquast_results/not_aligned/report.txt, report.tsv, and report.tex
  Text versions of transposed total report are saved to /home/fedgen/Desktop/HTS_2024_Metagenomic_data_analysis/metaquast_results/not_aligned/transposed_report.txt, transposed_report.tsv, and transposed_report.tex
  HTML version (interactive tables and plots) is saved to /home/fedgen/Desktop/HTS_2024_Metagenomic_data_analysis/metaquast_results/not_aligned/report.html
  PDF version (tables and plots) is saved to /home/fedgen/Desktop/HTS_2024_Metagenomic_data_analysis/metaquast_results/not_aligned/report.pdf
  Icarus (contig browser) is saved to /home/fedgen/Desktop/HTS_2024_Metagenomic_data_analysis/metaquast_results/not_aligned/icarus.html
